{"C:\\Users\\PC\\Desktop\\Freelance Development Projects\\NestNextAuth\\NestNextAuth-backend\\apps\\authentication\\src\\authentication.controller.ts": {"path":"C:\\Users\\PC\\Desktop\\Freelance Development Projects\\NestNextAuth\\NestNextAuth-backend\\apps\\authentication\\src\\authentication.controller.ts","statementMap":{"0":{"start":{"line":1,"column":1},"end":{"line":1,"column":50}},"1":{"start":{"line":2,"column":0},"end":{"line":2,"column":65}},"2":{"start":{"line":5,"column":7},"end":{"line":12,"column":null}},"3":{"start":{"line":6,"column":31},"end":{"line":6,"column":54}},"4":{"start":{"line":10,"column":4},"end":{"line":10,"column":49}},"5":{"start":{"line":5,"column":13},"end":{"line":5,"column":37}},"6":{"start":{"line":9,"column":2},"end":{"line":11,"column":null}},"7":{"start":{"line":5,"column":13},"end":{"line":12,"column":null}}},"fnMap":{"0":{"name":"(anonymous_2)","decl":{"start":{"line":6,"column":2},"end":{"line":6,"column":31}},"loc":{"start":{"line":6,"column":75},"end":{"line":6,"column":79}}},"1":{"name":"(anonymous_3)","decl":{"start":{"line":9,"column":2},"end":{"line":9,"column":10}},"loc":{"start":{"line":9,"column":10},"end":{"line":11,"column":3}}}},"branchMap":{"0":{"loc":{"start":{"line":6,"column":54},"end":{"line":6,"column":78}},"type":"cond-expr","locations":[{"start":{"line":6,"column":75},"end":{"line":6,"column":78}},{"start":{"line":6,"column":75},"end":{"line":6,"column":78}}]},"1":{"loc":{"start":{"line":6,"column":54},"end":{"line":6,"column":75}},"type":"binary-expr","locations":[{"start":{"line":6,"column":54},"end":{"line":6,"column":78}},{"start":{"line":6,"column":54},"end":{"line":6,"column":75}}]}},"s":{"0":1,"1":1,"2":1,"3":1,"4":1,"5":1,"6":1,"7":1},"f":{"0":1,"1":1},"b":{"0":[1,0],"1":[1,1]}}
,"C:\\Users\\PC\\Desktop\\Freelance Development Projects\\NestNextAuth\\NestNextAuth-backend\\apps\\authentication\\src\\authentication.module.ts": {"path":"C:\\Users\\PC\\Desktop\\Freelance Development Projects\\NestNextAuth\\NestNextAuth-backend\\apps\\authentication\\src\\authentication.module.ts","statementMap":{"0":{"start":{"line":1,"column":1},"end":{"line":1,"column":41}},"1":{"start":{"line":2,"column":0},"end":{"line":2,"column":61}},"2":{"start":{"line":3,"column":0},"end":{"line":3,"column":50}},"3":{"start":{"line":4,"column":0},"end":{"line":4,"column":51}},"4":{"start":{"line":25,"column":7},"end":{"line":25,"column":null}},"5":{"start":{"line":25,"column":13},"end":{"line":25,"column":33}},"6":{"start":{"line":25,"column":13},"end":{"line":25,"column":null}},"7":{"start":{"line":16,"column":59},"end":{"line":18,"column":8}}},"fnMap":{"0":{"name":"(anonymous_1)","decl":{"start":{"line":16,"column":18},"end":{"line":16,"column":23}},"loc":{"start":{"line":16,"column":59},"end":{"line":18,"column":8}}}},"branchMap":{"0":{"loc":{"start":{"line":17,"column":13},"end":{"line":17,"column":93}},"type":"binary-expr","locations":[{"start":{"line":17,"column":13},"end":{"line":17,"column":53}},{"start":{"line":17,"column":57},"end":{"line":17,"column":93}}]}},"s":{"0":0,"1":0,"2":0,"3":0,"4":0,"5":0,"6":0,"7":0},"f":{"0":0},"b":{"0":[0,0]}}
,"C:\\Users\\PC\\Desktop\\Freelance Development Projects\\NestNextAuth\\NestNextAuth-backend\\apps\\authentication\\src\\authentication.service.ts": {"path":"C:\\Users\\PC\\Desktop\\Freelance Development Projects\\NestNextAuth\\NestNextAuth-backend\\apps\\authentication\\src\\authentication.service.ts","statementMap":{"0":{"start":{"line":1,"column":1},"end":{"line":1,"column":45}},"1":{"start":{"line":4,"column":7},"end":{"line":8,"column":null}},"2":{"start":{"line":6,"column":4},"end":{"line":6,"column":26}},"3":{"start":{"line":4,"column":13},"end":{"line":4,"column":34}},"4":{"start":{"line":4,"column":13},"end":{"line":8,"column":null}}},"fnMap":{"0":{"name":"(anonymous_1)","decl":{"start":{"line":5,"column":2},"end":{"line":5,"column":10}},"loc":{"start":{"line":5,"column":10},"end":{"line":7,"column":3}}}},"branchMap":{},"s":{"0":1,"1":1,"2":1,"3":1,"4":1},"f":{"0":1},"b":{}}
,"C:\\Users\\PC\\Desktop\\Freelance Development Projects\\NestNextAuth\\NestNextAuth-backend\\apps\\authentication\\src\\main.ts": {"path":"C:\\Users\\PC\\Desktop\\Freelance Development Projects\\NestNextAuth\\NestNextAuth-backend\\apps\\authentication\\src\\main.ts","statementMap":{"0":{"start":{"line":1,"column":1},"end":{"line":1,"column":44}},"1":{"start":{"line":2,"column":0},"end":{"line":2,"column":71}},"2":{"start":{"line":3,"column":0},"end":{"line":3,"column":40}},"3":{"start":{"line":4,"column":0},"end":{"line":4,"column":63}},"4":{"start":{"line":7,"column":17},"end":{"line":7,"column":58}},"5":{"start":{"line":10,"column":14},"end":{"line":18,"column":null}},"6":{"start":{"line":22,"column":2},"end":{"line":22,"column":21}},"7":{"start":{"line":24,"column":2},"end":{"line":26,"column":4}},"8":{"start":{"line":28,"column":0},"end":{"line":28,"column":12}}},"fnMap":{"0":{"name":"bootstrap","decl":{"start":{"line":6,"column":15},"end":{"line":6,"column":24}},"loc":{"start":{"line":6,"column":24},"end":{"line":27,"column":1}}}},"branchMap":{"0":{"loc":{"start":{"line":15,"column":14},"end":{"line":15,"column":58}},"type":"binary-expr","locations":[{"start":{"line":15,"column":14},"end":{"line":15,"column":43}},{"start":{"line":15,"column":47},"end":{"line":15,"column":58}}]},"1":{"loc":{"start":{"line":16,"column":23},"end":{"line":16,"column":62}},"type":"binary-expr","locations":[{"start":{"line":16,"column":23},"end":{"line":16,"column":52}},{"start":{"line":16,"column":56},"end":{"line":16,"column":62}}]},"2":{"loc":{"start":{"line":25,"column":56},"end":{"line":25,"column":100}},"type":"binary-expr","locations":[{"start":{"line":25,"column":56},"end":{"line":25,"column":85}},{"start":{"line":25,"column":89},"end":{"line":25,"column":100}}]},"3":{"loc":{"start":{"line":25,"column":104},"end":{"line":25,"column":143}},"type":"binary-expr","locations":[{"start":{"line":25,"column":104},"end":{"line":25,"column":133}},{"start":{"line":25,"column":137},"end":{"line":25,"column":143}}]}},"s":{"0":0,"1":0,"2":0,"3":0,"4":0,"5":0,"6":0,"7":0,"8":0},"f":{"0":0},"b":{"0":[0,0],"1":[0,0],"2":[0,0],"3":[0,0]}}
,"C:\\Users\\PC\\Desktop\\Freelance Development Projects\\NestNextAuth\\NestNextAuth-backend\\apps\\authentication\\src\\users\\users.controller.ts": {"path":"C:\\Users\\PC\\Desktop\\Freelance Development Projects\\NestNextAuth\\NestNextAuth-backend\\apps\\authentication\\src\\users\\users.controller.ts","statementMap":{"0":{"start":{"line":1,"column":1},"end":{"line":1,"column":68}},"1":{"start":{"line":2,"column":0},"end":{"line":2,"column":64}},"2":{"start":{"line":3,"column":0},"end":{"line":3,"column":41}},"3":{"start":{"line":4,"column":0},"end":{"line":4,"column":47}},"4":{"start":{"line":18,"column":7},"end":{"line":104,"column":null}},"5":{"start":{"line":20,"column":21},"end":{"line":20,"column":35}},"6":{"start":{"line":21,"column":21},"end":{"line":21,"column":33}},"7":{"start":{"line":31,"column":4},"end":{"line":36,"column":5}},"8":{"start":{"line":32,"column":6},"end":{"line":32,"column":52}},"9":{"start":{"line":35,"column":6},"end":{"line":35,"column":18}},"10":{"start":{"line":45,"column":4},"end":{"line":49,"column":5}},"11":{"start":{"line":46,"column":6},"end":{"line":46,"column":47}},"12":{"start":{"line":48,"column":6},"end":{"line":48,"column":18}},"13":{"start":{"line":60,"column":4},"end":{"line":102,"column":5}},"14":{"start":{"line":62,"column":19},"end":{"line":62,"column":66}},"15":{"start":{"line":64,"column":6},"end":{"line":66,"column":7}},"16":{"start":{"line":65,"column":8},"end":{"line":65,"column":69}},"17":{"start":{"line":69,"column":6},"end":{"line":71,"column":7}},"18":{"start":{"line":70,"column":8},"end":{"line":70,"column":63}},"19":{"start":{"line":74,"column":30},"end":{"line":76,"column":null}},"20":{"start":{"line":79,"column":6},"end":{"line":81,"column":7}},"21":{"start":{"line":80,"column":8},"end":{"line":80,"column":69}},"22":{"start":{"line":84,"column":22},"end":{"line":88,"column":8}},"23":{"start":{"line":90,"column":27},"end":{"line":90,"column":56}},"24":{"start":{"line":93,"column":51},"end":{"line":93,"column":66}},"25":{"start":{"line":95,"column":6},"end":{"line":98,"column":8}},"26":{"start":{"line":101,"column":6},"end":{"line":101,"column":18}},"27":{"start":{"line":18,"column":13},"end":{"line":18,"column":28}},"28":{"start":{"line":30,"column":8},"end":{"line":37,"column":null}},"29":{"start":{"line":44,"column":8},"end":{"line":50,"column":null}},"30":{"start":{"line":59,"column":8},"end":{"line":103,"column":null}},"31":{"start":{"line":18,"column":13},"end":{"line":104,"column":null}}},"fnMap":{"0":{"name":"(anonymous_4)","decl":{"start":{"line":19,"column":2},"end":{"line":19,"column":null}},"loc":{"start":{"line":21,"column":43},"end":{"line":22,"column":6}}},"1":{"name":"(anonymous_5)","decl":{"start":{"line":30,"column":8},"end":{"line":30,"column":16}},"loc":{"start":{"line":30,"column":49},"end":{"line":37,"column":3}}},"2":{"name":"(anonymous_6)","decl":{"start":{"line":44,"column":8},"end":{"line":44,"column":16}},"loc":{"start":{"line":44,"column":16},"end":{"line":50,"column":3}}},"3":{"name":"(anonymous_7)","decl":{"start":{"line":59,"column":8},"end":{"line":59,"column":13}},"loc":{"start":{"line":59,"column":43},"end":{"line":103,"column":3}}}},"branchMap":{"0":{"loc":{"start":{"line":64,"column":6},"end":{"line":66,"column":7}},"type":"if","locations":[{"start":{"line":64,"column":6},"end":{"line":66,"column":7}},{"start":{},"end":{}}]},"1":{"loc":{"start":{"line":69,"column":6},"end":{"line":71,"column":7}},"type":"if","locations":[{"start":{"line":69,"column":6},"end":{"line":71,"column":7}},{"start":{},"end":{}}]},"2":{"loc":{"start":{"line":79,"column":6},"end":{"line":81,"column":7}},"type":"if","locations":[{"start":{"line":79,"column":6},"end":{"line":81,"column":7}},{"start":{},"end":{}}]},"3":{"loc":{"start":{"line":20,"column":35},"end":{"line":20,"column":null}},"type":"cond-expr","locations":[{"start":{"line":20,"column":47},"end":{"line":20,"column":null}},{"start":{"line":20,"column":47},"end":{"line":20,"column":null}}]},"4":{"loc":{"start":{"line":20,"column":35},"end":{"line":20,"column":47}},"type":"binary-expr","locations":[{"start":{"line":20,"column":35},"end":{"line":20,"column":null}},{"start":{"line":20,"column":35},"end":{"line":20,"column":47}}]},"5":{"loc":{"start":{"line":20,"column":47},"end":{"line":21,"column":null}},"type":"cond-expr","locations":[{"start":{"line":21,"column":43},"end":{"line":21,"column":null}},{"start":{"line":21,"column":43},"end":{"line":21,"column":null}}]},"6":{"loc":{"start":{"line":20,"column":47},"end":{"line":21,"column":43}},"type":"binary-expr","locations":[{"start":{"line":20,"column":47},"end":{"line":21,"column":null}},{"start":{"line":21,"column":33},"end":{"line":21,"column":43}}]}},"s":{"0":0,"1":0,"2":0,"3":0,"4":0,"5":0,"6":0,"7":0,"8":0,"9":0,"10":0,"11":0,"12":0,"13":0,"14":0,"15":0,"16":0,"17":0,"18":0,"19":0,"20":0,"21":0,"22":0,"23":0,"24":0,"25":0,"26":0,"27":0,"28":0,"29":0,"30":0,"31":0},"f":{"0":0,"1":0,"2":0,"3":0},"b":{"0":[0,0],"1":[0,0],"2":[0,0],"3":[0,0],"4":[0,0],"5":[0,0],"6":[0,0]}}
,"C:\\Users\\PC\\Desktop\\Freelance Development Projects\\NestNextAuth\\NestNextAuth-backend\\apps\\authentication\\src\\users\\users.module.ts": {"path":"C:\\Users\\PC\\Desktop\\Freelance Development Projects\\NestNextAuth\\NestNextAuth-backend\\apps\\authentication\\src\\users\\users.module.ts","statementMap":{"0":{"start":{"line":1,"column":1},"end":{"line":1,"column":41}},"1":{"start":{"line":2,"column":0},"end":{"line":2,"column":50}},"2":{"start":{"line":3,"column":0},"end":{"line":3,"column":40}},"3":{"start":{"line":4,"column":0},"end":{"line":4,"column":61}},"4":{"start":{"line":5,"column":0},"end":{"line":5,"column":57}},"5":{"start":{"line":6,"column":0},"end":{"line":6,"column":47}},"6":{"start":{"line":7,"column":0},"end":{"line":7,"column":53}},"7":{"start":{"line":31,"column":7},"end":{"line":31,"column":null}},"8":{"start":{"line":31,"column":13},"end":{"line":31,"column":24}},"9":{"start":{"line":31,"column":13},"end":{"line":31,"column":null}},"10":{"start":{"line":18,"column":59},"end":{"line":23,"column":8}}},"fnMap":{"0":{"name":"(anonymous_1)","decl":{"start":{"line":18,"column":18},"end":{"line":18,"column":23}},"loc":{"start":{"line":18,"column":59},"end":{"line":23,"column":8}}}},"branchMap":{"0":{"loc":{"start":{"line":19,"column":16},"end":{"line":19,"column":107}},"type":"binary-expr","locations":[{"start":{"line":19,"column":16},"end":{"line":19,"column":55}},{"start":{"line":19,"column":59},"end":{"line":19,"column":107}}]}},"s":{"0":0,"1":0,"2":0,"3":0,"4":0,"5":0,"6":0,"7":0,"8":0,"9":0,"10":0},"f":{"0":0},"b":{"0":[0,0]}}
,"C:\\Users\\PC\\Desktop\\Freelance Development Projects\\NestNextAuth\\NestNextAuth-backend\\apps\\authentication\\src\\users\\users.service.ts": {"path":"C:\\Users\\PC\\Desktop\\Freelance Development Projects\\NestNextAuth\\NestNextAuth-backend\\apps\\authentication\\src\\users\\users.service.ts","statementMap":{"0":{"start":{"line":1,"column":1},"end":{"line":1,"column":83}},"1":{"start":{"line":2,"column":0},"end":{"line":2,"column":47}},"2":{"start":{"line":3,"column":0},"end":{"line":3,"column":33}},"3":{"start":{"line":4,"column":0},"end":{"line":4,"column":33}},"4":{"start":{"line":5,"column":0},"end":{"line":5,"column":59}},"5":{"start":{"line":8,"column":7},"end":{"line":87,"column":null}},"6":{"start":{"line":9,"column":46},"end":{"line":9,"column":57}},"7":{"start":{"line":19,"column":25},"end":{"line":19,"column":59}},"8":{"start":{"line":20,"column":4},"end":{"line":22,"column":5}},"9":{"start":{"line":21,"column":6},"end":{"line":21,"column":73}},"10":{"start":{"line":25,"column":27},"end":{"line":25,"column":63}},"11":{"start":{"line":28,"column":17},"end":{"line":31,"column":6}},"12":{"start":{"line":33,"column":4},"end":{"line":33,"column":22}},"13":{"start":{"line":36,"column":36},"end":{"line":36,"column":51}},"14":{"start":{"line":37,"column":4},"end":{"line":37,"column":18}},"15":{"start":{"line":45,"column":4},"end":{"line":49,"column":14}},"16":{"start":{"line":58,"column":4},"end":{"line":61,"column":14}},"17":{"start":{"line":71,"column":17},"end":{"line":71,"column":77}},"18":{"start":{"line":72,"column":4},"end":{"line":74,"column":5}},"19":{"start":{"line":73,"column":6},"end":{"line":73,"column":52}},"20":{"start":{"line":75,"column":4},"end":{"line":75,"column":27}},"21":{"start":{"line":85,"column":4},"end":{"line":85,"column":57}},"22":{"start":{"line":8,"column":13},"end":{"line":8,"column":25}},"23":{"start":{"line":8,"column":13},"end":{"line":87,"column":null}}},"fnMap":{"0":{"name":"(anonymous_13)","decl":{"start":{"line":9,"column":2},"end":{"line":9,"column":15}},"loc":{"start":{"line":9,"column":76},"end":{"line":9,"column":80}}},"1":{"name":"(anonymous_14)","decl":{"start":{"line":17,"column":2},"end":{"line":17,"column":7}},"loc":{"start":{"line":17,"column":72},"end":{"line":38,"column":3}}},"2":{"name":"(anonymous_15)","decl":{"start":{"line":44,"column":2},"end":{"line":44,"column":7}},"loc":{"start":{"line":44,"column":15},"end":{"line":50,"column":3}}},"3":{"name":"(anonymous_16)","decl":{"start":{"line":57,"column":2},"end":{"line":57,"column":7}},"loc":{"start":{"line":57,"column":33},"end":{"line":62,"column":3}}},"4":{"name":"(anonymous_17)","decl":{"start":{"line":70,"column":2},"end":{"line":70,"column":7}},"loc":{"start":{"line":70,"column":27},"end":{"line":76,"column":3}}},"5":{"name":"(anonymous_18)","decl":{"start":{"line":84,"column":2},"end":{"line":84,"column":7}},"loc":{"start":{"line":84,"column":68},"end":{"line":86,"column":3}}}},"branchMap":{"0":{"loc":{"start":{"line":20,"column":4},"end":{"line":22,"column":5}},"type":"if","locations":[{"start":{"line":20,"column":4},"end":{"line":22,"column":5}},{"start":{},"end":{}}]},"1":{"loc":{"start":{"line":72,"column":4},"end":{"line":74,"column":5}},"type":"if","locations":[{"start":{"line":72,"column":4},"end":{"line":74,"column":5}},{"start":{},"end":{}}]},"2":{"loc":{"start":{"line":9,"column":57},"end":{"line":9,"column":76}},"type":"cond-expr","locations":[{"start":{"line":9,"column":62},"end":{"line":9,"column":76}},{"start":{"line":9,"column":62},"end":{"line":9,"column":76}}]},"3":{"loc":{"start":{"line":9,"column":57},"end":{"line":9,"column":62}},"type":"binary-expr","locations":[{"start":{"line":9,"column":57},"end":{"line":9,"column":76}},{"start":{"line":9,"column":57},"end":{"line":9,"column":62}}]}},"s":{"0":1,"1":1,"2":1,"3":1,"4":1,"5":1,"6":9,"7":3,"8":3,"9":2,"10":1,"11":1,"12":1,"13":1,"14":1,"15":1,"16":5,"17":3,"18":3,"19":2,"20":1,"21":2,"22":1,"23":1},"f":{"0":9,"1":3,"2":1,"3":5,"4":3,"5":2},"b":{"0":[2,1],"1":[2,1],"2":[1,0],"3":[1,1]}}
,"C:\\Users\\PC\\Desktop\\Freelance Development Projects\\NestNextAuth\\NestNextAuth-backend\\apps\\authentication\\src\\users\\schemas\\user.schema.ts": {"path":"C:\\Users\\PC\\Desktop\\Freelance Development Projects\\NestNextAuth\\NestNextAuth-backend\\apps\\authentication\\src\\users\\schemas\\user.schema.ts","statementMap":{"0":{"start":{"line":1,"column":1},"end":{"line":1,"column":64}},"1":{"start":{"line":16,"column":7},"end":{"line":46,"column":null}},"2":{"start":{"line":16,"column":13},"end":{"line":16,"column":17}},"3":{"start":{"line":24,"column":2},"end":{"line":24,"column":null}},"4":{"start":{"line":31,"column":2},"end":{"line":31,"column":null}},"5":{"start":{"line":39,"column":2},"end":{"line":39,"column":null}},"6":{"start":{"line":45,"column":2},"end":{"line":45,"column":null}},"7":{"start":{"line":16,"column":13},"end":{"line":46,"column":null}},"8":{"start":{"line":11,"column":6},"end":{"line":11,"column":26}},"9":{"start":{"line":12,"column":6},"end":{"line":12,"column":17}},"10":{"start":{"line":48,"column":13},"end":{"line":48,"column":61}},"11":{"start":{"line":51,"column":0},"end":{"line":51,"column":31}},"12":{"start":{"line":52,"column":0},"end":{"line":52,"column":44}}},"fnMap":{"0":{"name":"(anonymous_2)","decl":{"start":{"line":10,"column":15},"end":{"line":10,"column":24}},"loc":{"start":{"line":10,"column":37},"end":{"line":13,"column":5}}}},"branchMap":{},"s":{"0":1,"1":1,"2":1,"3":1,"4":1,"5":1,"6":1,"7":1,"8":0,"9":0,"10":1,"11":1,"12":1},"f":{"0":0},"b":{}}
,"C:\\Users\\PC\\Desktop\\Freelance Development Projects\\NestNextAuth\\NestNextAuth-backend\\apps\\authentication\\test\\app.e2e-spec.ts": {"path":"C:\\Users\\PC\\Desktop\\Freelance Development Projects\\NestNextAuth\\NestNextAuth-backend\\apps\\authentication\\test\\app.e2e-spec.ts","statementMap":{"0":{"start":{"line":1,"column":1},"end":{"line":1,"column":55}},"1":{"start":{"line":3,"column":0},"end":{"line":3,"column":37}},"2":{"start":{"line":4,"column":0},"end":{"line":4,"column":70}},"3":{"start":{"line":6,"column":0},"end":{"line":24,"column":3}},"4":{"start":{"line":9,"column":2},"end":{"line":16,"column":5}},"5":{"start":{"line":10,"column":41},"end":{"line":12,"column":16}},"6":{"start":{"line":14,"column":4},"end":{"line":14,"column":48}},"7":{"start":{"line":15,"column":4},"end":{"line":15,"column":21}},"8":{"start":{"line":18,"column":2},"end":{"line":23,"column":5}},"9":{"start":{"line":19,"column":4},"end":{"line":22,"column":30}}},"fnMap":{"0":{"name":"(anonymous_9)","decl":{"start":{"line":6,"column":43},"end":{"line":6,"column":46}},"loc":{"start":{"line":6,"column":48},"end":{"line":24,"column":1}}},"1":{"name":"(anonymous_10)","decl":{"start":{"line":9,"column":13},"end":{"line":9,"column":18}},"loc":{"start":{"line":9,"column":24},"end":{"line":16,"column":3}}},"2":{"name":"(anonymous_11)","decl":{"start":{"line":18,"column":16},"end":{"line":18,"column":19}},"loc":{"start":{"line":18,"column":21},"end":{"line":23,"column":3}}}},"branchMap":{},"s":{"0":0,"1":0,"2":0,"3":0,"4":0,"5":0,"6":0,"7":0,"8":0,"9":0},"f":{"0":0,"1":0,"2":0},"b":{}}
,"C:\\Users\\PC\\Desktop\\Freelance Development Projects\\NestNextAuth\\NestNextAuth-backend\\apps\\gateway\\src\\gateway.controller.ts": {"path":"C:\\Users\\PC\\Desktop\\Freelance Development Projects\\NestNextAuth\\NestNextAuth-backend\\apps\\gateway\\src\\gateway.controller.ts","statementMap":{"0":{"start":{"line":1,"column":0},"end":{"line":1,"column":49}},"1":{"start":{"line":2,"column":0},"end":{"line":2,"column":60}},"2":{"start":{"line":3,"column":0},"end":{"line":3,"column":51}},"3":{"start":{"line":6,"column":7},"end":{"line":26,"column":null}},"4":{"start":{"line":7,"column":31},"end":{"line":7,"column":47}},"5":{"start":{"line":13,"column":4},"end":{"line":24,"column":6}},"6":{"start":{"line":6,"column":13},"end":{"line":6,"column":30}},"7":{"start":{"line":12,"column":2},"end":{"line":25,"column":null}},"8":{"start":{"line":6,"column":13},"end":{"line":26,"column":null}}},"fnMap":{"0":{"name":"(anonymous_2)","decl":{"start":{"line":7,"column":2},"end":{"line":7,"column":31}},"loc":{"start":{"line":7,"column":61},"end":{"line":7,"column":65}}},"1":{"name":"(anonymous_3)","decl":{"start":{"line":12,"column":2},"end":{"line":12,"column":10}},"loc":{"start":{"line":12,"column":10},"end":{"line":25,"column":3}}}},"branchMap":{"0":{"loc":{"start":{"line":7,"column":47},"end":{"line":7,"column":64}},"type":"cond-expr","locations":[{"start":{"line":7,"column":61},"end":{"line":7,"column":64}},{"start":{"line":7,"column":61},"end":{"line":7,"column":64}}]},"1":{"loc":{"start":{"line":7,"column":47},"end":{"line":7,"column":61}},"type":"binary-expr","locations":[{"start":{"line":7,"column":47},"end":{"line":7,"column":64}},{"start":{"line":7,"column":47},"end":{"line":7,"column":61}}]}},"s":{"0":1,"1":1,"2":1,"3":1,"4":1,"5":1,"6":1,"7":1,"8":1},"f":{"0":1,"1":1},"b":{"0":[1,0],"1":[1,1]}}
,"C:\\Users\\PC\\Desktop\\Freelance Development Projects\\NestNextAuth\\NestNextAuth-backend\\apps\\gateway\\src\\gateway.module.ts": {"path":"C:\\Users\\PC\\Desktop\\Freelance Development Projects\\NestNextAuth\\NestNextAuth-backend\\apps\\gateway\\src\\gateway.module.ts","statementMap":{"0":{"start":{"line":1,"column":0},"end":{"line":1,"column":40}},"1":{"start":{"line":2,"column":0},"end":{"line":2,"column":46}},"2":{"start":{"line":3,"column":0},"end":{"line":3,"column":48}},"3":{"start":{"line":4,"column":0},"end":{"line":4,"column":57}},"4":{"start":{"line":5,"column":0},"end":{"line":5,"column":51}},"5":{"start":{"line":20,"column":7},"end":{"line":20,"column":null}},"6":{"start":{"line":20,"column":13},"end":{"line":20,"column":26}},"7":{"start":{"line":20,"column":13},"end":{"line":20,"column":null}}},"fnMap":{},"branchMap":{},"s":{"0":0,"1":0,"2":0,"3":0,"4":0,"5":0,"6":0,"7":0},"f":{},"b":{}}
,"C:\\Users\\PC\\Desktop\\Freelance Development Projects\\NestNextAuth\\NestNextAuth-backend\\apps\\gateway\\src\\gateway.service.ts": {"path":"C:\\Users\\PC\\Desktop\\Freelance Development Projects\\NestNextAuth\\NestNextAuth-backend\\apps\\gateway\\src\\gateway.service.ts","statementMap":{"0":{"start":{"line":1,"column":0},"end":{"line":1,"column":44}},"1":{"start":{"line":4,"column":7},"end":{"line":8,"column":null}},"2":{"start":{"line":6,"column":4},"end":{"line":6,"column":26}},"3":{"start":{"line":4,"column":13},"end":{"line":4,"column":27}},"4":{"start":{"line":4,"column":13},"end":{"line":8,"column":null}}},"fnMap":{"0":{"name":"(anonymous_1)","decl":{"start":{"line":5,"column":2},"end":{"line":5,"column":10}},"loc":{"start":{"line":5,"column":10},"end":{"line":7,"column":3}}}},"branchMap":{},"s":{"0":1,"1":1,"2":0,"3":1,"4":1},"f":{"0":0},"b":{}}
,"C:\\Users\\PC\\Desktop\\Freelance Development Projects\\NestNextAuth\\NestNextAuth-backend\\apps\\gateway\\src\\main.ts": {"path":"C:\\Users\\PC\\Desktop\\Freelance Development Projects\\NestNextAuth\\NestNextAuth-backend\\apps\\gateway\\src\\main.ts","statementMap":{"0":{"start":{"line":1,"column":0},"end":{"line":1,"column":43}},"1":{"start":{"line":2,"column":0},"end":{"line":2,"column":48}},"2":{"start":{"line":3,"column":0},"end":{"line":3,"column":65}},"3":{"start":{"line":4,"column":0},"end":{"line":4,"column":49}},"4":{"start":{"line":7,"column":14},"end":{"line":7,"column":53}},"5":{"start":{"line":10,"column":2},"end":{"line":13,"column":5}},"6":{"start":{"line":16,"column":2},"end":{"line":25,"column":4}},"7":{"start":{"line":28,"column":17},"end":{"line":44,"column":12}},"8":{"start":{"line":46,"column":19},"end":{"line":46,"column":60}},"9":{"start":{"line":47,"column":2},"end":{"line":51,"column":5}},"10":{"start":{"line":53,"column":15},"end":{"line":53,"column":39}},"11":{"start":{"line":54,"column":2},"end":{"line":54,"column":25}},"12":{"start":{"line":56,"column":2},"end":{"line":56,"column":68}},"13":{"start":{"line":57,"column":2},"end":{"line":57,"column":72}},"14":{"start":{"line":59,"column":0},"end":{"line":59,"column":12}}},"fnMap":{"0":{"name":"bootstrap","decl":{"start":{"line":6,"column":15},"end":{"line":6,"column":24}},"loc":{"start":{"line":6,"column":24},"end":{"line":58,"column":1}}}},"branchMap":{"0":{"loc":{"start":{"line":53,"column":15},"end":{"line":53,"column":39}},"type":"binary-expr","locations":[{"start":{"line":53,"column":15},"end":{"line":53,"column":31}},{"start":{"line":53,"column":35},"end":{"line":53,"column":39}}]}},"s":{"0":0,"1":0,"2":0,"3":0,"4":0,"5":0,"6":0,"7":0,"8":0,"9":0,"10":0,"11":0,"12":0,"13":0,"14":0},"f":{"0":0},"b":{"0":[0,0]}}
,"C:\\Users\\PC\\Desktop\\Freelance Development Projects\\NestNextAuth\\NestNextAuth-backend\\apps\\gateway\\src\\auth\\auth.controller.ts": {"path":"C:\\Users\\PC\\Desktop\\Freelance Development Projects\\NestNextAuth\\NestNextAuth-backend\\apps\\gateway\\src\\auth\\auth.controller.ts","statementMap":{"0":{"start":{"line":1,"column":0},"end":{"line":1,"column":null}},"1":{"start":{"line":10,"column":0},"end":{"line":10,"column":52}},"2":{"start":{"line":11,"column":0},"end":{"line":11,"column":78}},"3":{"start":{"line":12,"column":0},"end":{"line":12,"column":38}},"4":{"start":{"line":13,"column":0},"end":{"line":13,"column":49}},"5":{"start":{"line":14,"column":0},"end":{"line":14,"column":43}},"6":{"start":{"line":18,"column":7},"end":{"line":199,"column":null}},"7":{"start":{"line":20,"column":45},"end":{"line":20,"column":57}},"8":{"start":{"line":55,"column":4},"end":{"line":89,"column":5}},"9":{"start":{"line":56,"column":21},"end":{"line":57,"column":null}},"10":{"start":{"line":59,"column":6},"end":{"line":59,"column":20}},"11":{"start":{"line":62,"column":6},"end":{"line":64,"column":7}},"12":{"start":{"line":63,"column":8},"end":{"line":63,"column":20}},"13":{"start":{"line":67,"column":6},"end":{"line":72,"column":7}},"14":{"start":{"line":68,"column":8},"end":{"line":71,"column":10}},"15":{"start":{"line":75,"column":6},"end":{"line":82,"column":7}},"16":{"start":{"line":76,"column":24},"end":{"line":76,"column":87}},"17":{"start":{"line":77,"column":23},"end":{"line":77,"column":100}},"18":{"start":{"line":78,"column":8},"end":{"line":81,"column":10}},"19":{"start":{"line":85,"column":6},"end":{"line":88,"column":8}},"20":{"start":{"line":121,"column":4},"end":{"line":155,"column":5}},"21":{"start":{"line":122,"column":21},"end":{"line":123,"column":null}},"22":{"start":{"line":125,"column":6},"end":{"line":125,"column":20}},"23":{"start":{"line":128,"column":6},"end":{"line":130,"column":7}},"24":{"start":{"line":129,"column":8},"end":{"line":129,"column":20}},"25":{"start":{"line":133,"column":6},"end":{"line":138,"column":7}},"26":{"start":{"line":134,"column":8},"end":{"line":137,"column":10}},"27":{"start":{"line":141,"column":6},"end":{"line":148,"column":7}},"28":{"start":{"line":142,"column":24},"end":{"line":142,"column":87}},"29":{"start":{"line":143,"column":23},"end":{"line":143,"column":91}},"30":{"start":{"line":144,"column":8},"end":{"line":147,"column":10}},"31":{"start":{"line":151,"column":6},"end":{"line":154,"column":8}},"32":{"start":{"line":183,"column":4},"end":{"line":197,"column":5}},"33":{"start":{"line":184,"column":21},"end":{"line":185,"column":null}},"34":{"start":{"line":187,"column":6},"end":{"line":187,"column":20}},"35":{"start":{"line":190,"column":6},"end":{"line":192,"column":7}},"36":{"start":{"line":191,"column":8},"end":{"line":191,"column":20}},"37":{"start":{"line":193,"column":6},"end":{"line":196,"column":8}},"38":{"start":{"line":18,"column":13},"end":{"line":18,"column":27}},"39":{"start":{"line":54,"column":8},"end":{"line":90,"column":null}},"40":{"start":{"line":120,"column":8},"end":{"line":156,"column":null}},"41":{"start":{"line":182,"column":8},"end":{"line":198,"column":null}},"42":{"start":{"line":18,"column":13},"end":{"line":199,"column":null}}},"fnMap":{"0":{"name":"(anonymous_4)","decl":{"start":{"line":19,"column":2},"end":{"line":19,"column":null}},"loc":{"start":{"line":20,"column":68},"end":{"line":21,"column":6}}},"1":{"name":"(anonymous_5)","decl":{"start":{"line":54,"column":8},"end":{"line":54,"column":16}},"loc":{"start":{"line":54,"column":41},"end":{"line":90,"column":3}}},"2":{"name":"(anonymous_6)","decl":{"start":{"line":120,"column":8},"end":{"line":120,"column":13}},"loc":{"start":{"line":120,"column":35},"end":{"line":156,"column":3}}},"3":{"name":"(anonymous_7)","decl":{"start":{"line":182,"column":8},"end":{"line":182,"column":16}},"loc":{"start":{"line":182,"column":16},"end":{"line":198,"column":3}}}},"branchMap":{"0":{"loc":{"start":{"line":62,"column":6},"end":{"line":64,"column":7}},"type":"if","locations":[{"start":{"line":62,"column":6},"end":{"line":64,"column":7}},{"start":{},"end":{}}]},"1":{"loc":{"start":{"line":67,"column":6},"end":{"line":72,"column":7}},"type":"if","locations":[{"start":{"line":67,"column":6},"end":{"line":72,"column":7}},{"start":{},"end":{}}]},"2":{"loc":{"start":{"line":67,"column":10},"end":{"line":67,"column":41}},"type":"binary-expr","locations":[{"start":{"line":67,"column":10},"end":{"line":67,"column":23}},{"start":{"line":67,"column":27},"end":{"line":67,"column":41}}]},"3":{"loc":{"start":{"line":75,"column":6},"end":{"line":82,"column":7}},"type":"if","locations":[{"start":{"line":75,"column":6},"end":{"line":82,"column":7}},{"start":{},"end":{}}]},"4":{"loc":{"start":{"line":76,"column":24},"end":{"line":76,"column":87}},"type":"binary-expr","locations":[{"start":{"line":76,"column":24},"end":{"line":76,"column":46}},{"start":{"line":76,"column":50},"end":{"line":76,"column":70}},{"start":{"line":76,"column":74},"end":{"line":76,"column":87}}]},"5":{"loc":{"start":{"line":77,"column":23},"end":{"line":77,"column":100}},"type":"binary-expr","locations":[{"start":{"line":77,"column":23},"end":{"line":77,"column":48}},{"start":{"line":77,"column":52},"end":{"line":77,"column":64}},{"start":{"line":77,"column":68},"end":{"line":77,"column":100}}]},"6":{"loc":{"start":{"line":86,"column":8},"end":{"line":86,"column":66}},"type":"binary-expr","locations":[{"start":{"line":86,"column":8},"end":{"line":86,"column":22}},{"start":{"line":86,"column":26},"end":{"line":86,"column":66}}]},"7":{"loc":{"start":{"line":87,"column":8},"end":{"line":87,"column":57}},"type":"binary-expr","locations":[{"start":{"line":87,"column":8},"end":{"line":87,"column":21}},{"start":{"line":87,"column":25},"end":{"line":87,"column":57}}]},"8":{"loc":{"start":{"line":128,"column":6},"end":{"line":130,"column":7}},"type":"if","locations":[{"start":{"line":128,"column":6},"end":{"line":130,"column":7}},{"start":{},"end":{}}]},"9":{"loc":{"start":{"line":133,"column":6},"end":{"line":138,"column":7}},"type":"if","locations":[{"start":{"line":133,"column":6},"end":{"line":138,"column":7}},{"start":{},"end":{}}]},"10":{"loc":{"start":{"line":133,"column":10},"end":{"line":133,"column":41}},"type":"binary-expr","locations":[{"start":{"line":133,"column":10},"end":{"line":133,"column":23}},{"start":{"line":133,"column":27},"end":{"line":133,"column":41}}]},"11":{"loc":{"start":{"line":141,"column":6},"end":{"line":148,"column":7}},"type":"if","locations":[{"start":{"line":141,"column":6},"end":{"line":148,"column":7}},{"start":{},"end":{}}]},"12":{"loc":{"start":{"line":142,"column":24},"end":{"line":142,"column":87}},"type":"binary-expr","locations":[{"start":{"line":142,"column":24},"end":{"line":142,"column":46}},{"start":{"line":142,"column":50},"end":{"line":142,"column":70}},{"start":{"line":142,"column":74},"end":{"line":142,"column":87}}]},"13":{"loc":{"start":{"line":143,"column":23},"end":{"line":143,"column":91}},"type":"binary-expr","locations":[{"start":{"line":143,"column":23},"end":{"line":143,"column":48}},{"start":{"line":143,"column":52},"end":{"line":143,"column":64}},{"start":{"line":143,"column":68},"end":{"line":143,"column":91}}]},"14":{"loc":{"start":{"line":152,"column":8},"end":{"line":152,"column":53}},"type":"binary-expr","locations":[{"start":{"line":152,"column":8},"end":{"line":152,"column":22}},{"start":{"line":152,"column":26},"end":{"line":152,"column":53}}]},"15":{"loc":{"start":{"line":153,"column":8},"end":{"line":153,"column":48}},"type":"binary-expr","locations":[{"start":{"line":153,"column":8},"end":{"line":153,"column":21}},{"start":{"line":153,"column":25},"end":{"line":153,"column":48}}]},"16":{"loc":{"start":{"line":190,"column":6},"end":{"line":192,"column":7}},"type":"if","locations":[{"start":{"line":190,"column":6},"end":{"line":192,"column":7}},{"start":{},"end":{}}]},"17":{"loc":{"start":{"line":194,"column":8},"end":{"line":194,"column":48}},"type":"binary-expr","locations":[{"start":{"line":194,"column":8},"end":{"line":194,"column":21}},{"start":{"line":194,"column":25},"end":{"line":194,"column":48}}]},"18":{"loc":{"start":{"line":195,"column":8},"end":{"line":195,"column":56}},"type":"binary-expr","locations":[{"start":{"line":195,"column":8},"end":{"line":195,"column":20}},{"start":{"line":195,"column":24},"end":{"line":195,"column":56}}]},"19":{"loc":{"start":{"line":54,"column":30},"end":{"line":54,"column":null}},"type":"cond-expr","locations":[{"start":{"line":54,"column":41},"end":{"line":54,"column":null}},{"start":{"line":54,"column":41},"end":{"line":54,"column":null}}]},"20":{"loc":{"start":{"line":54,"column":30},"end":{"line":54,"column":41}},"type":"binary-expr","locations":[{"start":{"line":54,"column":30},"end":{"line":54,"column":null}},{"start":{"line":54,"column":30},"end":{"line":54,"column":41}}]},"21":{"loc":{"start":{"line":120,"column":27},"end":{"line":120,"column":null}},"type":"cond-expr","locations":[{"start":{"line":120,"column":35},"end":{"line":120,"column":null}},{"start":{"line":120,"column":35},"end":{"line":120,"column":null}}]},"22":{"loc":{"start":{"line":120,"column":27},"end":{"line":120,"column":35}},"type":"binary-expr","locations":[{"start":{"line":120,"column":27},"end":{"line":120,"column":null}},{"start":{"line":120,"column":27},"end":{"line":120,"column":35}}]},"23":{"loc":{"start":{"line":20,"column":57},"end":{"line":20,"column":null}},"type":"cond-expr","locations":[{"start":{"line":20,"column":68},"end":{"line":20,"column":null}},{"start":{"line":20,"column":68},"end":{"line":20,"column":null}}]},"24":{"loc":{"start":{"line":20,"column":57},"end":{"line":20,"column":68}},"type":"binary-expr","locations":[{"start":{"line":20,"column":57},"end":{"line":20,"column":null}},{"start":{"line":20,"column":57},"end":{"line":20,"column":68}}]}},"s":{"0":1,"1":1,"2":1,"3":1,"4":1,"5":1,"6":1,"7":7,"8":4,"9":4,"10":1,"11":3,"12":3,"13":0,"14":0,"15":0,"16":0,"17":0,"18":0,"19":0,"20":3,"21":3,"22":1,"23":2,"24":2,"25":0,"26":0,"27":0,"28":0,"29":0,"30":0,"31":0,"32":2,"33":2,"34":1,"35":1,"36":1,"37":0,"38":1,"39":1,"40":1,"41":1,"42":1},"f":{"0":7,"1":4,"2":3,"3":2},"b":{"0":[3,0],"1":[0,0],"2":[0,0],"3":[0,0],"4":[0,0,0],"5":[0,0,0],"6":[0,0],"7":[0,0],"8":[2,0],"9":[0,0],"10":[0,0],"11":[0,0],"12":[0,0,0],"13":[0,0,0],"14":[0,0],"15":[0,0],"16":[1,0],"17":[0,0],"18":[0,0],"19":[1,0],"20":[1,1],"21":[1,0],"22":[1,1],"23":[1,0],"24":[1,1]}}
,"C:\\Users\\PC\\Desktop\\Freelance Development Projects\\NestNextAuth\\NestNextAuth-backend\\apps\\gateway\\src\\auth\\auth.module.ts": {"path":"C:\\Users\\PC\\Desktop\\Freelance Development Projects\\NestNextAuth\\NestNextAuth-backend\\apps\\gateway\\src\\auth\\auth.module.ts","statementMap":{"0":{"start":{"line":1,"column":0},"end":{"line":1,"column":40}},"1":{"start":{"line":2,"column":0},"end":{"line":2,"column":65}},"2":{"start":{"line":3,"column":0},"end":{"line":3,"column":61}},"3":{"start":{"line":4,"column":0},"end":{"line":4,"column":51}},"4":{"start":{"line":26,"column":7},"end":{"line":26,"column":null}},"5":{"start":{"line":26,"column":13},"end":{"line":26,"column":23}},"6":{"start":{"line":26,"column":13},"end":{"line":26,"column":null}},"7":{"start":{"line":13,"column":61},"end":{"line":19,"column":10}}},"fnMap":{"0":{"name":"(anonymous_1)","decl":{"start":{"line":13,"column":20},"end":{"line":13,"column":25}},"loc":{"start":{"line":13,"column":61},"end":{"line":19,"column":10}}}},"branchMap":{"0":{"loc":{"start":{"line":16,"column":18},"end":{"line":16,"column":79}},"type":"binary-expr","locations":[{"start":{"line":16,"column":18},"end":{"line":16,"column":64}},{"start":{"line":16,"column":68},"end":{"line":16,"column":79}}]},"1":{"loc":{"start":{"line":17,"column":27},"end":{"line":17,"column":83}},"type":"binary-expr","locations":[{"start":{"line":17,"column":27},"end":{"line":17,"column":73}},{"start":{"line":17,"column":77},"end":{"line":17,"column":83}}]}},"s":{"0":0,"1":0,"2":0,"3":0,"4":0,"5":0,"6":0,"7":0},"f":{"0":0},"b":{"0":[0,0],"1":[0,0]}}
,"C:\\Users\\PC\\Desktop\\Freelance Development Projects\\NestNextAuth\\NestNextAuth-backend\\apps\\gateway\\src\\auth\\dto\\login.dto.ts": {"path":"C:\\Users\\PC\\Desktop\\Freelance Development Projects\\NestNextAuth\\NestNextAuth-backend\\apps\\gateway\\src\\auth\\dto\\login.dto.ts","statementMap":{"0":{"start":{"line":1,"column":0},"end":{"line":1,"column":46}},"1":{"start":{"line":2,"column":0},"end":{"line":2,"column":63}},"2":{"start":{"line":4,"column":0},"end":{"line":4,"column":13}},"3":{"start":{"line":11,"column":2},"end":{"line":11,"column":null}},"4":{"start":{"line":21,"column":2},"end":{"line":21,"column":null}}},"fnMap":{},"branchMap":{},"s":{"0":1,"1":1,"2":1,"3":1,"4":1},"f":{},"b":{}}
,"C:\\Users\\PC\\Desktop\\Freelance Development Projects\\NestNextAuth\\NestNextAuth-backend\\apps\\gateway\\src\\auth\\dto\\register.dto.ts": {"path":"C:\\Users\\PC\\Desktop\\Freelance Development Projects\\NestNextAuth\\NestNextAuth-backend\\apps\\gateway\\src\\auth\\dto\\register.dto.ts","statementMap":{"0":{"start":{"line":1,"column":0},"end":{"line":1,"column":46}},"1":{"start":{"line":2,"column":0},"end":{"line":2,"column":83}},"2":{"start":{"line":4,"column":0},"end":{"line":4,"column":13}},"3":{"start":{"line":11,"column":2},"end":{"line":11,"column":null}},"4":{"start":{"line":22,"column":2},"end":{"line":22,"column":null}},"5":{"start":{"line":32,"column":2},"end":{"line":32,"column":null}}},"fnMap":{},"branchMap":{},"s":{"0":1,"1":1,"2":1,"3":1,"4":1,"5":1},"f":{},"b":{}}
,"C:\\Users\\PC\\Desktop\\Freelance Development Projects\\NestNextAuth\\NestNextAuth-backend\\apps\\gateway\\test\\app.e2e-spec.ts": {"path":"C:\\Users\\PC\\Desktop\\Freelance Development Projects\\NestNextAuth\\NestNextAuth-backend\\apps\\gateway\\test\\app.e2e-spec.ts","statementMap":{"0":{"start":{"line":1,"column":0},"end":{"line":1,"column":54}},"1":{"start":{"line":2,"column":0},"end":{"line":2,"column":66}},"2":{"start":{"line":3,"column":0},"end":{"line":3,"column":37}},"3":{"start":{"line":4,"column":0},"end":{"line":4,"column":56}},"4":{"start":{"line":6,"column":0},"end":{"line":110,"column":3}},"5":{"start":{"line":9,"column":2},"end":{"line":26,"column":5}},"6":{"start":{"line":10,"column":41},"end":{"line":12,"column":16}},"7":{"start":{"line":14,"column":4},"end":{"line":14,"column":48}},"8":{"start":{"line":17,"column":4},"end":{"line":23,"column":6}},"9":{"start":{"line":25,"column":4},"end":{"line":25,"column":21}},"10":{"start":{"line":28,"column":2},"end":{"line":30,"column":5}},"11":{"start":{"line":29,"column":4},"end":{"line":29,"column":22}},"12":{"start":{"line":32,"column":2},"end":{"line":44,"column":5}},"13":{"start":{"line":33,"column":4},"end":{"line":43,"column":7}},"14":{"start":{"line":34,"column":6},"end":{"line":42,"column":11}},"15":{"start":{"line":38,"column":10},"end":{"line":38,"column":53}},"16":{"start":{"line":39,"column":10},"end":{"line":39,"column":53}},"17":{"start":{"line":40,"column":10},"end":{"line":40,"column":55}},"18":{"start":{"line":41,"column":10},"end":{"line":41,"column":79}},"19":{"start":{"line":46,"column":2},"end":{"line":77,"column":5}},"20":{"start":{"line":47,"column":4},"end":{"line":56,"column":7}},"21":{"start":{"line":48,"column":6},"end":{"line":55,"column":21}},"22":{"start":{"line":58,"column":4},"end":{"line":65,"column":7}},"23":{"start":{"line":59,"column":6},"end":{"line":64,"column":21}},"24":{"start":{"line":67,"column":4},"end":{"line":76,"column":7}},"25":{"start":{"line":68,"column":6},"end":{"line":75,"column":21}},"26":{"start":{"line":79,"column":2},"end":{"line":98,"column":5}},"27":{"start":{"line":80,"column":4},"end":{"line":88,"column":7}},"28":{"start":{"line":81,"column":6},"end":{"line":87,"column":21}},"29":{"start":{"line":90,"column":4},"end":{"line":97,"column":7}},"30":{"start":{"line":91,"column":6},"end":{"line":96,"column":21}},"31":{"start":{"line":100,"column":2},"end":{"line":109,"column":5}},"32":{"start":{"line":101,"column":4},"end":{"line":108,"column":7}},"33":{"start":{"line":102,"column":6},"end":{"line":107,"column":11}},"34":{"start":{"line":106,"column":10},"end":{"line":106,"column":51}}},"fnMap":{"0":{"name":"(anonymous_9)","decl":{"start":{"line":6,"column":36},"end":{"line":6,"column":39}},"loc":{"start":{"line":6,"column":41},"end":{"line":110,"column":1}}},"1":{"name":"(anonymous_10)","decl":{"start":{"line":9,"column":13},"end":{"line":9,"column":18}},"loc":{"start":{"line":9,"column":24},"end":{"line":26,"column":3}}},"2":{"name":"(anonymous_11)","decl":{"start":{"line":28,"column":11},"end":{"line":28,"column":16}},"loc":{"start":{"line":28,"column":22},"end":{"line":30,"column":3}}},"3":{"name":"(anonymous_12)","decl":{"start":{"line":32,"column":20},"end":{"line":32,"column":23}},"loc":{"start":{"line":32,"column":25},"end":{"line":44,"column":3}}},"4":{"name":"(anonymous_13)","decl":{"start":{"line":33,"column":40},"end":{"line":33,"column":43}},"loc":{"start":{"line":33,"column":45},"end":{"line":43,"column":5}}},"5":{"name":"(anonymous_14)","decl":{"start":{"line":37,"column":16},"end":{"line":37,"column":17}},"loc":{"start":{"line":37,"column":24},"end":{"line":42,"column":9}}},"6":{"name":"(anonymous_15)","decl":{"start":{"line":46,"column":34},"end":{"line":46,"column":37}},"loc":{"start":{"line":46,"column":39},"end":{"line":77,"column":3}}},"7":{"name":"(anonymous_16)","decl":{"start":{"line":47,"column":46},"end":{"line":47,"column":49}},"loc":{"start":{"line":47,"column":51},"end":{"line":56,"column":5}}},"8":{"name":"(anonymous_17)","decl":{"start":{"line":58,"column":56},"end":{"line":58,"column":59}},"loc":{"start":{"line":58,"column":61},"end":{"line":65,"column":5}}},"9":{"name":"(anonymous_18)","decl":{"start":{"line":67,"column":51},"end":{"line":67,"column":54}},"loc":{"start":{"line":67,"column":56},"end":{"line":76,"column":5}}},"10":{"name":"(anonymous_19)","decl":{"start":{"line":79,"column":31},"end":{"line":79,"column":34}},"loc":{"start":{"line":79,"column":36},"end":{"line":98,"column":3}}},"11":{"name":"(anonymous_20)","decl":{"start":{"line":80,"column":46},"end":{"line":80,"column":49}},"loc":{"start":{"line":80,"column":51},"end":{"line":88,"column":5}}},"12":{"name":"(anonymous_21)","decl":{"start":{"line":90,"column":56},"end":{"line":90,"column":59}},"loc":{"start":{"line":90,"column":61},"end":{"line":97,"column":5}}},"13":{"name":"(anonymous_22)","decl":{"start":{"line":100,"column":30},"end":{"line":100,"column":33}},"loc":{"start":{"line":100,"column":35},"end":{"line":109,"column":3}}},"14":{"name":"(anonymous_23)","decl":{"start":{"line":101,"column":31},"end":{"line":101,"column":34}},"loc":{"start":{"line":101,"column":36},"end":{"line":108,"column":5}}},"15":{"name":"(anonymous_24)","decl":{"start":{"line":104,"column":16},"end":{"line":104,"column":17}},"loc":{"start":{"line":104,"column":24},"end":{"line":107,"column":9}}}},"branchMap":{},"s":{"0":0,"1":0,"2":0,"3":0,"4":0,"5":0,"6":0,"7":0,"8":0,"9":0,"10":0,"11":0,"12":0,"13":0,"14":0,"15":0,"16":0,"17":0,"18":0,"19":0,"20":0,"21":0,"22":0,"23":0,"24":0,"25":0,"26":0,"27":0,"28":0,"29":0,"30":0,"31":0,"32":0,"33":0,"34":0},"f":{"0":0,"1":0,"2":0,"3":0,"4":0,"5":0,"6":0,"7":0,"8":0,"9":0,"10":0,"11":0,"12":0,"13":0,"14":0,"15":0},"b":{}}
}
